<?xml version="1.0" encoding="UTF-8"?>
<testng-results skipped="22" failed="0" total="22" passed="0">
  <reporter-output>
  </reporter-output>
  <suite name="Default suite" duration-ms="719" started-at="2018-12-23T16:04:54Z" finished-at="2018-12-23T16:04:55Z">
    <groups>
    </groups>
    <test name="Default test" duration-ms="719" started-at="2018-12-23T16:04:54Z" finished-at="2018-12-23T16:04:55Z">
      <class name="com.objectfrontier.training.java.service.test.PersonServiceTest">
        <test-method status="FAIL" signature="init()[pri:0, instance:com.objectfrontier.training.java.service.test.PersonServiceTest@7ce3cb8e]" name="init" is-config="true" duration-ms="0" started-at="2018-12-23T21:34:54Z" finished-at="2018-12-23T21:34:54Z">
          <exception class="com.objectfrontier.training.java.service.service.AppException">
            <message>
              <![CDATA[Internal server error : RH. Please try again later]]>
            </message>
            <full-stacktrace>
              <![CDATA[com.objectfrontier.training.java.service.service.AppException: Internal server error : RH. Please try again later
	at com.objectfrontier.training.java.service.service.ConnectionManager.createConnection(ConnectionManager.java:67)
	at com.objectfrontier.training.java.service.test.PersonServiceTest.init(PersonServiceTest.java:38)
	at sun.reflect.NativeMethodAccessorImpl.invoke0(Native Method)
	at sun.reflect.NativeMethodAccessorImpl.invoke(NativeMethodAccessorImpl.java:62)
	at sun.reflect.DelegatingMethodAccessorImpl.invoke(DelegatingMethodAccessorImpl.java:43)
	at java.lang.reflect.Method.invoke(Method.java:498)
	at org.testng.internal.MethodInvocationHelper.invokeMethod(MethodInvocationHelper.java:86)
	at org.testng.internal.Invoker.invokeConfigurationMethod(Invoker.java:514)
	at org.testng.internal.Invoker.invokeConfigurations(Invoker.java:215)
	at org.testng.internal.Invoker.invokeConfigurations(Invoker.java:142)
	at org.testng.internal.TestMethodWorker.invokeBeforeClassMethods(TestMethodWorker.java:178)
	at org.testng.internal.TestMethodWorker.run(TestMethodWorker.java:108)
	at org.testng.TestRunner.privateRun(TestRunner.java:782)
	at org.testng.TestRunner.run(TestRunner.java:632)
	at org.testng.SuiteRunner.runTest(SuiteRunner.java:366)
	at org.testng.SuiteRunner.runSequentially(SuiteRunner.java:361)
	at org.testng.SuiteRunner.privateRun(SuiteRunner.java:319)
	at org.testng.SuiteRunner.run(SuiteRunner.java:268)
	at org.testng.SuiteRunnerWorker.runSuite(SuiteRunnerWorker.java:52)
	at org.testng.SuiteRunnerWorker.run(SuiteRunnerWorker.java:86)
	at org.testng.TestNG.runSuitesSequentially(TestNG.java:1244)
	at org.testng.TestNG.runSuitesLocally(TestNG.java:1169)
	at org.testng.TestNG.run(TestNG.java:1064)
	at org.testng.remote.AbstractRemoteTestNG.run(AbstractRemoteTestNG.java:114)
	at org.testng.remote.RemoteTestNG.initAndRun(RemoteTestNG.java:251)
	at org.testng.remote.RemoteTestNG.main(RemoteTestNG.java:77)
]]>
            </full-stacktrace>
          </exception> <!-- com.objectfrontier.training.java.service.service.AppException -->
          <reporter-output>
          </reporter-output>
        </test-method> <!-- init -->
        <test-method status="SKIP" signature="testCreate_positive(com.objectfrontier.training.java.service.pojo.Person, com.objectfrontier.training.java.service.pojo.Person)[pri:0, instance:com.objectfrontier.training.java.service.test.PersonServiceTest@7ce3cb8e]" name="testCreate_positive" duration-ms="0" started-at="2018-12-23T21:34:54Z" data-provider="dp_Create_Positive" finished-at="2018-12-23T21:34:54Z">
          <params>
            <param index="0">
              <value>
                <![CDATA[Person [first_name=Bethany, last_name=Nancie, email=iliassdasdsal@aol.com, address=Address [id=0, city=Valluvar Colony, street=Tuty, postal_code=636014], birth_date=4/6/1997, created_date=null]]]>
              </value>
            </param>
            <param index="1">
              <value>
                <![CDATA[Person [first_name=Bethany, last_name=Nancie, email=iliassdasdsal@aol.com, address=Address [id=0, city=Valluvar Colony, street=Tuty, postal_code=636014], birth_date=4/6/1997, created_date=null]]]>
              </value>
            </param>
          </params>
          <reporter-output>
          </reporter-output>
        </test-method> <!-- testCreate_positive -->
        <test-method status="SKIP" signature="testCreate_positive(com.objectfrontier.training.java.service.pojo.Person, com.objectfrontier.training.java.service.pojo.Person)[pri:0, instance:com.objectfrontier.training.java.service.test.PersonServiceTest@7ce3cb8e]" name="testCreate_positive" duration-ms="0" started-at="2018-12-23T21:34:54Z" data-provider="dp_Create_Positive" finished-at="2018-12-23T21:34:54Z">
          <params>
            <param index="0">
              <value>
                <![CDATA[Person [first_name=Marc, last_name=Michale, email=uncled@msn.com, address=Address [id=0, city=Valluvar Colony, street=Chennai, postal_code=654812], birth_date=4/6/1997, created_date=null]]]>
              </value>
            </param>
            <param index="1">
              <value>
                <![CDATA[Person [first_name=Marc, last_name=Michale, email=uncled@msn.com, address=Address [id=0, city=Valluvar Colony, street=Chennai, postal_code=654812], birth_date=4/6/1997, created_date=null]]]>
              </value>
            </param>
          </params>
          <reporter-output>
          </reporter-output>
        </test-method> <!-- testCreate_positive -->
        <test-method status="SKIP" signature="testCreate_positive(com.objectfrontier.training.java.service.pojo.Person, com.objectfrontier.training.java.service.pojo.Person)[pri:0, instance:com.objectfrontier.training.java.service.test.PersonServiceTest@7ce3cb8e]" name="testCreate_positive" duration-ms="0" started-at="2018-12-23T21:34:54Z" data-provider="dp_Create_Positive" finished-at="2018-12-23T21:34:54Z">
          <params>
            <param index="0">
              <value>
                <![CDATA[Person [first_name=Gennie, last_name=Mamie, email=niknejad@yahoo.com, address=Address [id=0, city=Valluvar Colony, street=Salem, postal_code=681216], birth_date=4/6/1997, created_date=null]]]>
              </value>
            </param>
            <param index="1">
              <value>
                <![CDATA[Person [first_name=Gennie, last_name=Mamie, email=niknejad@yahoo.com, address=Address [id=0, city=Valluvar Colony, street=Salem, postal_code=681216], birth_date=4/6/1997, created_date=null]]]>
              </value>
            </param>
          </params>
          <reporter-output>
          </reporter-output>
        </test-method> <!-- testCreate_positive -->
        <test-method status="SKIP" signature="testCreate_positive(com.objectfrontier.training.java.service.pojo.Person, com.objectfrontier.training.java.service.pojo.Person)[pri:0, instance:com.objectfrontier.training.java.service.test.PersonServiceTest@7ce3cb8e]" name="testCreate_positive" duration-ms="15" started-at="2018-12-23T21:34:54Z" data-provider="dp_Create_Positive" finished-at="2018-12-23T21:34:54Z">
          <params>
            <param index="0">
              <value>
                <![CDATA[Person [first_name=Glynis, last_name=Renita, email=engelen@att.net, address=Address [id=0, city=APC, street=Pondy, postal_code=614514], birth_date=4/6/1997, created_date=null]]]>
              </value>
            </param>
            <param index="1">
              <value>
                <![CDATA[Person [first_name=Glynis, last_name=Renita, email=engelen@att.net, address=Address [id=0, city=APC, street=Pondy, postal_code=614514], birth_date=4/6/1997, created_date=null]]]>
              </value>
            </param>
          </params>
          <reporter-output>
          </reporter-output>
        </test-method> <!-- testCreate_positive -->
        <test-method status="SKIP" signature="testCreate_positive(com.objectfrontier.training.java.service.pojo.Person, com.objectfrontier.training.java.service.pojo.Person)[pri:0, instance:com.objectfrontier.training.java.service.test.PersonServiceTest@7ce3cb8e]" name="testCreate_positive" duration-ms="15" started-at="2018-12-23T21:34:55Z" data-provider="dp_Create_Positive" finished-at="2018-12-23T21:34:55Z">
          <params>
            <param index="0">
              <value>
                <![CDATA[Person [first_name=Judi, last_name=Eleonora, email=conteb@live.com, address=Address [id=0, city=Valluvar Colony, street=Tuty, postal_code=637115], birth_date=4/6/1997, created_date=null]]]>
              </value>
            </param>
            <param index="1">
              <value>
                <![CDATA[Person [first_name=Judi, last_name=Eleonora, email=conteb@live.com, address=Address [id=0, city=Valluvar Colony, street=Tuty, postal_code=637115], birth_date=4/6/1997, created_date=null]]]>
              </value>
            </param>
          </params>
          <reporter-output>
          </reporter-output>
        </test-method> <!-- testCreate_positive -->
        <test-method status="SKIP" signature="testCreate_positive(com.objectfrontier.training.java.service.pojo.Person, com.objectfrontier.training.java.service.pojo.Person)[pri:0, instance:com.objectfrontier.training.java.service.test.PersonServiceTest@7ce3cb8e]" name="testCreate_positive" duration-ms="0" started-at="2018-12-23T21:34:55Z" data-provider="dp_Create_Positive" finished-at="2018-12-23T21:34:55Z">
          <params>
            <param index="0">
              <value>
                <![CDATA[Person [first_name=Ward, last_name=Bettyann, email=dmiller@aol.com, address=Address [id=0, city=APC, street=Chennai, postal_code=654654], birth_date=4/6/1997, created_date=null]]]>
              </value>
            </param>
            <param index="1">
              <value>
                <![CDATA[Person [first_name=Ward, last_name=Bettyann, email=dmiller@aol.com, address=Address [id=0, city=APC, street=Chennai, postal_code=654654], birth_date=4/6/1997, created_date=null]]]>
              </value>
            </param>
          </params>
          <reporter-output>
          </reporter-output>
        </test-method> <!-- testCreate_positive -->
        <test-method status="SKIP" signature="testCreate_positive(com.objectfrontier.training.java.service.pojo.Person, com.objectfrontier.training.java.service.pojo.Person)[pri:0, instance:com.objectfrontier.training.java.service.test.PersonServiceTest@7ce3cb8e]" name="testCreate_positive" duration-ms="0" started-at="2018-12-23T21:34:55Z" data-provider="dp_Create_Positive" finished-at="2018-12-23T21:34:55Z">
          <params>
            <param index="0">
              <value>
                <![CDATA[Person [first_name=Erik, last_name=Valery, email=fallorn@yahoo.com, address=Address [id=0, city=Valluvar Colony, street=Salem, postal_code=321321], birth_date=4/6/1997, created_date=null]]]>
              </value>
            </param>
            <param index="1">
              <value>
                <![CDATA[Person [first_name=Erik, last_name=Valery, email=fallorn@yahoo.com, address=Address [id=0, city=Valluvar Colony, street=Salem, postal_code=321321], birth_date=4/6/1997, created_date=null]]]>
              </value>
            </param>
          </params>
          <reporter-output>
          </reporter-output>
        </test-method> <!-- testCreate_positive -->
        <test-method status="SKIP" signature="testCreate_positive(com.objectfrontier.training.java.service.pojo.Person, com.objectfrontier.training.java.service.pojo.Person)[pri:0, instance:com.objectfrontier.training.java.service.test.PersonServiceTest@7ce3cb8e]" name="testCreate_positive" duration-ms="0" started-at="2018-12-23T21:34:55Z" data-provider="dp_Create_Positive" finished-at="2018-12-23T21:34:55Z">
          <params>
            <param index="0">
              <value>
                <![CDATA[Person [first_name=Dee, last_name=Carey, email=codex@aol.com, address=Address [id=0, city=APC, street=Pondy, postal_code=654654], birth_date=4/6/1997, created_date=null]]]>
              </value>
            </param>
            <param index="1">
              <value>
                <![CDATA[Person [first_name=Dee, last_name=Carey, email=codex@aol.com, address=Address [id=0, city=APC, street=Pondy, postal_code=654654], birth_date=4/6/1997, created_date=null]]]>
              </value>
            </param>
          </params>
          <reporter-output>
          </reporter-output>
        </test-method> <!-- testCreate_positive -->
        <test-method status="SKIP" signature="testCreate_positive(com.objectfrontier.training.java.service.pojo.Person, com.objectfrontier.training.java.service.pojo.Person)[pri:0, instance:com.objectfrontier.training.java.service.test.PersonServiceTest@7ce3cb8e]" name="testCreate_positive" duration-ms="0" started-at="2018-12-23T21:34:55Z" data-provider="dp_Create_Positive" finished-at="2018-12-23T21:34:55Z">
          <params>
            <param index="0">
              <value>
                <![CDATA[Person [first_name=Victoria, last_name=Allison, email=fmerges@mac.com, address=Address [id=0, city=Valluvar Colony, street=Tuty, postal_code=321321], birth_date=4/6/1997, created_date=null]]]>
              </value>
            </param>
            <param index="1">
              <value>
                <![CDATA[Person [first_name=Victoria, last_name=Allison, email=fmerges@mac.com, address=Address [id=0, city=Valluvar Colony, street=Tuty, postal_code=321321], birth_date=4/6/1997, created_date=null]]]>
              </value>
            </param>
          </params>
          <reporter-output>
          </reporter-output>
        </test-method> <!-- testCreate_positive -->
        <test-method status="SKIP" signature="testCreate_positive(com.objectfrontier.training.java.service.pojo.Person, com.objectfrontier.training.java.service.pojo.Person)[pri:0, instance:com.objectfrontier.training.java.service.test.PersonServiceTest@7ce3cb8e]" name="testCreate_positive" duration-ms="0" started-at="2018-12-23T21:34:55Z" data-provider="dp_Create_Positive" finished-at="2018-12-23T21:34:55Z">
          <params>
            <param index="0">
              <value>
                <![CDATA[Person [first_name=Winona, last_name=Mira, email=singer@yahoo.com, address=Address [id=0, city=Valluvar Colony, street=Tuty, postal_code=321321], birth_date=4/6/1997, created_date=null]]]>
              </value>
            </param>
            <param index="1">
              <value>
                <![CDATA[Person [first_name=Winona, last_name=Mira, email=singer@yahoo.com, address=Address [id=0, city=Valluvar Colony, street=Tuty, postal_code=321321], birth_date=4/6/1997, created_date=null]]]>
              </value>
            </param>
          </params>
          <reporter-output>
          </reporter-output>
        </test-method> <!-- testCreate_positive -->
        <test-method status="SKIP" signature="testCreate_positive(com.objectfrontier.training.java.service.pojo.Person, com.objectfrontier.training.java.service.pojo.Person)[pri:0, instance:com.objectfrontier.training.java.service.test.PersonServiceTest@7ce3cb8e]" name="testCreate_positive" duration-ms="94" started-at="2018-12-23T21:34:55Z" data-provider="dp_Create_Positive" finished-at="2018-12-23T21:34:55Z">
          <params>
            <param index="0">
              <value>
                <![CDATA[Person [first_name=Yuki, last_name=Verla, email=carreras@hotmail.com, address=Address [id=0, city=APC, street=Pondy, postal_code=654654], birth_date=4/6/1997, created_date=null]]]>
              </value>
            </param>
            <param index="1">
              <value>
                <![CDATA[Person [first_name=Yuki, last_name=Verla, email=carreras@hotmail.com, address=Address [id=0, city=APC, street=Pondy, postal_code=654654], birth_date=4/6/1997, created_date=null]]]>
              </value>
            </param>
          </params>
          <reporter-output>
          </reporter-output>
        </test-method> <!-- testCreate_positive -->
        <test-method status="SKIP" signature="testCreate_positive(com.objectfrontier.training.java.service.pojo.Person, com.objectfrontier.training.java.service.pojo.Person)[pri:0, instance:com.objectfrontier.training.java.service.test.PersonServiceTest@7ce3cb8e]" name="testCreate_positive" duration-ms="0" started-at="2018-12-23T21:34:55Z" data-provider="dp_Create_Positive" finished-at="2018-12-23T21:34:55Z">
          <params>
            <param index="0">
              <value>
                <![CDATA[Person [first_name=Percy, last_name=Lyda, email=openldap@aol.com, address=Address [id=0, city=APC, street=Chennai, postal_code=987987], birth_date=4/6/1997, created_date=null]]]>
              </value>
            </param>
            <param index="1">
              <value>
                <![CDATA[Person [first_name=Percy, last_name=Lyda, email=openldap@aol.com, address=Address [id=0, city=APC, street=Chennai, postal_code=987987], birth_date=4/6/1997, created_date=null]]]>
              </value>
            </param>
          </params>
          <reporter-output>
          </reporter-output>
        </test-method> <!-- testCreate_positive -->
        <test-method status="SKIP" signature="testCreate_positive(com.objectfrontier.training.java.service.pojo.Person, com.objectfrontier.training.java.service.pojo.Person)[pri:0, instance:com.objectfrontier.training.java.service.test.PersonServiceTest@7ce3cb8e]" name="testCreate_positive" duration-ms="0" started-at="2018-12-23T21:34:55Z" data-provider="dp_Create_Positive" finished-at="2018-12-23T21:34:55Z">
          <params>
            <param index="0">
              <value>
                <![CDATA[Person [first_name=Stephane, last_name=Tonya, email=paulv@hotmail.com, address=Address [id=0, city=Valluvar Colony, street=Salem, postal_code=321321], birth_date=4/6/1997, created_date=null]]]>
              </value>
            </param>
            <param index="1">
              <value>
                <![CDATA[Person [first_name=Stephane, last_name=Tonya, email=paulv@hotmail.com, address=Address [id=0, city=Valluvar Colony, street=Salem, postal_code=321321], birth_date=4/6/1997, created_date=null]]]>
              </value>
            </param>
          </params>
          <reporter-output>
          </reporter-output>
        </test-method> <!-- testCreate_positive -->
        <test-method status="SKIP" signature="testCreate_positive(com.objectfrontier.training.java.service.pojo.Person, com.objectfrontier.training.java.service.pojo.Person)[pri:0, instance:com.objectfrontier.training.java.service.test.PersonServiceTest@7ce3cb8e]" name="testCreate_positive" duration-ms="0" started-at="2018-12-23T21:34:55Z" data-provider="dp_Create_Positive" finished-at="2018-12-23T21:34:55Z">
          <params>
            <param index="0">
              <value>
                <![CDATA[Person [first_name=Tod, last_name=Lora, email=kannan@hotmail.com, address=Address [id=0, city=APC, street=Chennai, postal_code=654654], birth_date=4/6/1997, created_date=null]]]>
              </value>
            </param>
            <param index="1">
              <value>
                <![CDATA[Person [first_name=Tod, last_name=Lora, email=kannan@hotmail.com, address=Address [id=0, city=APC, street=Chennai, postal_code=654654], birth_date=4/6/1997, created_date=null]]]>
              </value>
            </param>
          </params>
          <reporter-output>
          </reporter-output>
        </test-method> <!-- testCreate_positive -->
        <test-method status="SKIP" signature="testCreate_positive(com.objectfrontier.training.java.service.pojo.Person, com.objectfrontier.training.java.service.pojo.Person)[pri:0, instance:com.objectfrontier.training.java.service.test.PersonServiceTest@7ce3cb8e]" name="testCreate_positive" duration-ms="93" started-at="2018-12-23T21:34:55Z" data-provider="dp_Create_Positive" finished-at="2018-12-23T21:34:55Z">
          <params>
            <param index="0">
              <value>
                <![CDATA[Person [first_name=Mazie, last_name=Winnie, email=tbeck@msn.com, address=Address [id=0, city=Valluvar Colony, street=Tuty, postal_code=651], birth_date=4/6/1997, created_date=null]]]>
              </value>
            </param>
            <param index="1">
              <value>
                <![CDATA[Person [first_name=Mazie, last_name=Winnie, email=tbeck@msn.com, address=Address [id=0, city=Valluvar Colony, street=Tuty, postal_code=651], birth_date=4/6/1997, created_date=null]]]>
              </value>
            </param>
          </params>
          <reporter-output>
          </reporter-output>
        </test-method> <!-- testCreate_positive -->
        <test-method status="SKIP" signature="testCreate_positive(com.objectfrontier.training.java.service.pojo.Person, com.objectfrontier.training.java.service.pojo.Person)[pri:0, instance:com.objectfrontier.training.java.service.test.PersonServiceTest@7ce3cb8e]" name="testCreate_positive" duration-ms="109" started-at="2018-12-23T21:34:55Z" data-provider="dp_Create_Positive" finished-at="2018-12-23T21:34:55Z">
          <params>
            <param index="0">
              <value>
                <![CDATA[Person [first_name=Pearlene, last_name=Duncan, email=jamuir@att.net, address=Address [id=0, city=Valluvar Colony, street=Salem, postal_code=321321], birth_date=4/6/1997, created_date=null]]]>
              </value>
            </param>
            <param index="1">
              <value>
                <![CDATA[Person [first_name=Pearlene, last_name=Duncan, email=jamuir@att.net, address=Address [id=0, city=Valluvar Colony, street=Salem, postal_code=321321], birth_date=4/6/1997, created_date=null]]]>
              </value>
            </param>
          </params>
          <reporter-output>
          </reporter-output>
        </test-method> <!-- testCreate_positive -->
        <test-method status="SKIP" signature="testCreate_positive(com.objectfrontier.training.java.service.pojo.Person, com.objectfrontier.training.java.service.pojo.Person)[pri:0, instance:com.objectfrontier.training.java.service.test.PersonServiceTest@7ce3cb8e]" name="testCreate_positive" duration-ms="93" started-at="2018-12-23T21:34:55Z" data-provider="dp_Create_Positive" finished-at="2018-12-23T21:34:55Z">
          <params>
            <param index="0">
              <value>
                <![CDATA[Person [first_name=Minta, last_name=Olinda, email=anicolao@yahoo.ca, address=Address [id=0, city=APC, street=Chennai, postal_code=984], birth_date=4/6/1997, created_date=null]]]>
              </value>
            </param>
            <param index="1">
              <value>
                <![CDATA[Person [first_name=Minta, last_name=Olinda, email=anicolao@yahoo.ca, address=Address [id=0, city=APC, street=Chennai, postal_code=984], birth_date=4/6/1997, created_date=null]]]>
              </value>
            </param>
          </params>
          <reporter-output>
          </reporter-output>
        </test-method> <!-- testCreate_positive -->
        <test-method status="SKIP" signature="testCreate_positive(com.objectfrontier.training.java.service.pojo.Person, com.objectfrontier.training.java.service.pojo.Person)[pri:0, instance:com.objectfrontier.training.java.service.test.PersonServiceTest@7ce3cb8e]" name="testCreate_positive" duration-ms="93" started-at="2018-12-23T21:34:55Z" data-provider="dp_Create_Positive" finished-at="2018-12-23T21:34:55Z">
          <params>
            <param index="0">
              <value>
                <![CDATA[Person [first_name=Yuriko, last_name=Sage, email=fukuchi@comcast.net, address=Address [id=0, city=APC, street=Pondy, postal_code=987], birth_date=4/6/1997, created_date=null]]]>
              </value>
            </param>
            <param index="1">
              <value>
                <![CDATA[Person [first_name=Yuriko, last_name=Sage, email=fukuchi@comcast.net, address=Address [id=0, city=APC, street=Pondy, postal_code=987], birth_date=4/6/1997, created_date=null]]]>
              </value>
            </param>
          </params>
          <reporter-output>
          </reporter-output>
        </test-method> <!-- testCreate_positive -->
        <test-method status="SKIP" signature="testCreate_positive(com.objectfrontier.training.java.service.pojo.Person, com.objectfrontier.training.java.service.pojo.Person)[pri:0, instance:com.objectfrontier.training.java.service.test.PersonServiceTest@7ce3cb8e]" name="testCreate_positive" duration-ms="109" started-at="2018-12-23T21:34:55Z" data-provider="dp_Create_Positive" finished-at="2018-12-23T21:34:55Z">
          <params>
            <param index="0">
              <value>
                <![CDATA[Person [first_name=Merideth, last_name=Madaline, email=noahb@aol.com, address=Address [id=0, city=APC, street=Chennai, postal_code=98987], birth_date=4/6/1997, created_date=null]]]>
              </value>
            </param>
            <param index="1">
              <value>
                <![CDATA[Person [first_name=Merideth, last_name=Madaline, email=noahb@aol.com, address=Address [id=0, city=APC, street=Chennai, postal_code=98987], birth_date=4/6/1997, created_date=null]]]>
              </value>
            </param>
          </params>
          <reporter-output>
          </reporter-output>
        </test-method> <!-- testCreate_positive -->
        <test-method status="SKIP" signature="testCreate_positive(com.objectfrontier.training.java.service.pojo.Person, com.objectfrontier.training.java.service.pojo.Person)[pri:0, instance:com.objectfrontier.training.java.service.test.PersonServiceTest@7ce3cb8e]" name="testCreate_positive" duration-ms="109" started-at="2018-12-23T21:34:55Z" data-provider="dp_Create_Positive" finished-at="2018-12-23T21:34:55Z">
          <params>
            <param index="0">
              <value>
                <![CDATA[Person [first_name=Lulu, last_name=Margorie, email=bester@gmail.com, address=Address [id=0, city=Valluvar Colony, street=Salem, postal_code=321321], birth_date=4/6/1997, created_date=null]]]>
              </value>
            </param>
            <param index="1">
              <value>
                <![CDATA[Person [first_name=Lulu, last_name=Margorie, email=bester@gmail.com, address=Address [id=0, city=Valluvar Colony, street=Salem, postal_code=321321], birth_date=4/6/1997, created_date=null]]]>
              </value>
            </param>
          </params>
          <reporter-output>
          </reporter-output>
        </test-method> <!-- testCreate_positive -->
        <test-method status="SKIP" signature="testCreate_positive(com.objectfrontier.training.java.service.pojo.Person, com.objectfrontier.training.java.service.pojo.Person)[pri:0, instance:com.objectfrontier.training.java.service.test.PersonServiceTest@7ce3cb8e]" name="testCreate_positive" duration-ms="125" started-at="2018-12-23T21:34:55Z" data-provider="dp_Create_Positive" finished-at="2018-12-23T21:34:55Z">
          <params>
            <param index="0">
              <value>
                <![CDATA[Person [first_name=Marnie, last_name=Mohammed, email=hager@outlook.com, address=Address [id=0, city=APC, street=Pondy, postal_code=654654], birth_date=4/6/1997, created_date=null]]]>
              </value>
            </param>
            <param index="1">
              <value>
                <![CDATA[Person [first_name=Marnie, last_name=Mohammed, email=hager@outlook.com, address=Address [id=0, city=APC, street=Pondy, postal_code=654654], birth_date=4/6/1997, created_date=null]]]>
              </value>
            </param>
          </params>
          <reporter-output>
          </reporter-output>
        </test-method> <!-- testCreate_positive -->
        <test-method status="SKIP" signature="testCreate_positive(com.objectfrontier.training.java.service.pojo.Person, com.objectfrontier.training.java.service.pojo.Person)[pri:0, instance:com.objectfrontier.training.java.service.test.PersonServiceTest@7ce3cb8e]" name="testCreate_positive" duration-ms="125" started-at="2018-12-23T21:34:55Z" data-provider="dp_Create_Positive" finished-at="2018-12-23T21:34:55Z">
          <params>
            <param index="0">
              <value>
                <![CDATA[Person [first_name=Lakiesha, last_name=Dorthey, email=rnewman@hotmail.com, address=Address [id=0, city=Valluvar Colony, street=Tuty, postal_code=321321], birth_date=4/6/1997, created_date=null]]]>
              </value>
            </param>
            <param index="1">
              <value>
                <![CDATA[Person [first_name=Lakiesha, last_name=Dorthey, email=rnewman@hotmail.com, address=Address [id=0, city=Valluvar Colony, street=Tuty, postal_code=321321], birth_date=4/6/1997, created_date=null]]]>
              </value>
            </param>
          </params>
          <reporter-output>
          </reporter-output>
        </test-method> <!-- testCreate_positive -->
      </class> <!-- com.objectfrontier.training.java.service.test.PersonServiceTest -->
    </test> <!-- Default test -->
  </suite> <!-- Default suite -->
</testng-results>
