<?xml version="1.0" encoding="UTF-8"?>
<!-- Generated by org.testng.reporters.JUnitXMLReporter -->
<testsuite hostname="RPC154" name="Default test" tests="22" failures="0" timestamp="23 Dec 2018 16:04:55 GMT" time="0.719" errors="0">
  <testcase name="@BeforeClass init" time="0.0" classname="com.objectfrontier.training.java.service.test.PersonServiceTest">
    <failure type="com.objectfrontier.training.java.service.service.AppException" message="Internal server error : RH. Please try again later">
      <![CDATA[com.objectfrontier.training.java.service.service.AppException: Internal server error : RH. Please try again later
	at com.objectfrontier.training.java.service.service.ConnectionManager.createConnection(ConnectionManager.java:67)
	at com.objectfrontier.training.java.service.test.PersonServiceTest.init(PersonServiceTest.java:38)
	at sun.reflect.NativeMethodAccessorImpl.invoke0(Native Method)
	at sun.reflect.NativeMethodAccessorImpl.invoke(NativeMethodAccessorImpl.java:62)
	at sun.reflect.DelegatingMethodAccessorImpl.invoke(DelegatingMethodAccessorImpl.java:43)
	at java.lang.reflect.Method.invoke(Method.java:498)
	at org.testng.internal.MethodInvocationHelper.invokeMethod(MethodInvocationHelper.java:86)
	at org.testng.internal.Invoker.invokeConfigurationMethod(Invoker.java:514)
	at org.testng.internal.Invoker.invokeConfigurations(Invoker.java:215)
	at org.testng.internal.Invoker.invokeConfigurations(Invoker.java:142)
	at org.testng.internal.TestMethodWorker.invokeBeforeClassMethods(TestMethodWorker.java:178)
	at org.testng.internal.TestMethodWorker.run(TestMethodWorker.java:108)
	at org.testng.TestRunner.privateRun(TestRunner.java:782)
	at org.testng.TestRunner.run(TestRunner.java:632)
	at org.testng.SuiteRunner.runTest(SuiteRunner.java:366)
	at org.testng.SuiteRunner.runSequentially(SuiteRunner.java:361)
	at org.testng.SuiteRunner.privateRun(SuiteRunner.java:319)
	at org.testng.SuiteRunner.run(SuiteRunner.java:268)
	at org.testng.SuiteRunnerWorker.runSuite(SuiteRunnerWorker.java:52)
	at org.testng.SuiteRunnerWorker.run(SuiteRunnerWorker.java:86)
	at org.testng.TestNG.runSuitesSequentially(TestNG.java:1244)
	at org.testng.TestNG.runSuitesLocally(TestNG.java:1169)
	at org.testng.TestNG.run(TestNG.java:1064)
	at org.testng.remote.AbstractRemoteTestNG.run(AbstractRemoteTestNG.java:114)
	at org.testng.remote.RemoteTestNG.initAndRun(RemoteTestNG.java:251)
	at org.testng.remote.RemoteTestNG.main(RemoteTestNG.java:77)
]]>
    </failure>
  </testcase> <!-- @BeforeClass init -->
  <testcase name="testCreate_positive" time="0.0" classname="com.objectfrontier.training.java.service.test.PersonServiceTest">
    <skipped/>
  </testcase> <!-- testCreate_positive -->
  <testcase name="testCreate_positive" time="0.0" classname="com.objectfrontier.training.java.service.test.PersonServiceTest">
    <skipped/>
  </testcase> <!-- testCreate_positive -->
  <testcase name="testCreate_positive" time="0.0" classname="com.objectfrontier.training.java.service.test.PersonServiceTest">
    <skipped/>
  </testcase> <!-- testCreate_positive -->
  <testcase name="testCreate_positive" time="0.015" classname="com.objectfrontier.training.java.service.test.PersonServiceTest">
    <skipped/>
  </testcase> <!-- testCreate_positive -->
  <testcase name="testCreate_positive" time="0.015" classname="com.objectfrontier.training.java.service.test.PersonServiceTest">
    <skipped/>
  </testcase> <!-- testCreate_positive -->
  <testcase name="testCreate_positive" time="0.0" classname="com.objectfrontier.training.java.service.test.PersonServiceTest">
    <skipped/>
  </testcase> <!-- testCreate_positive -->
  <testcase name="testCreate_positive" time="0.0" classname="com.objectfrontier.training.java.service.test.PersonServiceTest">
    <skipped/>
  </testcase> <!-- testCreate_positive -->
  <testcase name="testCreate_positive" time="0.0" classname="com.objectfrontier.training.java.service.test.PersonServiceTest">
    <skipped/>
  </testcase> <!-- testCreate_positive -->
  <testcase name="testCreate_positive" time="0.0" classname="com.objectfrontier.training.java.service.test.PersonServiceTest">
    <skipped/>
  </testcase> <!-- testCreate_positive -->
  <testcase name="testCreate_positive" time="0.0" classname="com.objectfrontier.training.java.service.test.PersonServiceTest">
    <skipped/>
  </testcase> <!-- testCreate_positive -->
  <testcase name="testCreate_positive" time="0.0" classname="com.objectfrontier.training.java.service.test.PersonServiceTest">
    <skipped/>
  </testcase> <!-- testCreate_positive -->
  <testcase name="testCreate_positive" time="0.0" classname="com.objectfrontier.training.java.service.test.PersonServiceTest">
    <skipped/>
  </testcase> <!-- testCreate_positive -->
  <testcase name="testCreate_positive" time="0.0" classname="com.objectfrontier.training.java.service.test.PersonServiceTest">
    <skipped/>
  </testcase> <!-- testCreate_positive -->
  <testcase name="testCreate_positive" time="0.094" classname="com.objectfrontier.training.java.service.test.PersonServiceTest">
    <skipped/>
  </testcase> <!-- testCreate_positive -->
  <testcase name="testCreate_positive" time="0.093" classname="com.objectfrontier.training.java.service.test.PersonServiceTest">
    <skipped/>
  </testcase> <!-- testCreate_positive -->
  <testcase name="testCreate_positive" time="0.093" classname="com.objectfrontier.training.java.service.test.PersonServiceTest">
    <skipped/>
  </testcase> <!-- testCreate_positive -->
  <testcase name="testCreate_positive" time="0.093" classname="com.objectfrontier.training.java.service.test.PersonServiceTest">
    <skipped/>
  </testcase> <!-- testCreate_positive -->
  <testcase name="testCreate_positive" time="0.109" classname="com.objectfrontier.training.java.service.test.PersonServiceTest">
    <skipped/>
  </testcase> <!-- testCreate_positive -->
  <testcase name="testCreate_positive" time="0.109" classname="com.objectfrontier.training.java.service.test.PersonServiceTest">
    <skipped/>
  </testcase> <!-- testCreate_positive -->
  <testcase name="testCreate_positive" time="0.109" classname="com.objectfrontier.training.java.service.test.PersonServiceTest">
    <skipped/>
  </testcase> <!-- testCreate_positive -->
  <testcase name="testCreate_positive" time="0.125" classname="com.objectfrontier.training.java.service.test.PersonServiceTest">
    <skipped/>
  </testcase> <!-- testCreate_positive -->
  <testcase name="testCreate_positive" time="0.125" classname="com.objectfrontier.training.java.service.test.PersonServiceTest">
    <skipped/>
  </testcase> <!-- testCreate_positive -->
</testsuite> <!-- Default test -->
